<?xml version="1.0" encoding="UTF-8"?>
<testsuite xmlns:xsi="http://www.w3.org/2001/XMLSchema-instance" xsi:noNamespaceSchemaLocation="https://maven.apache.org/surefire/maven-surefire-plugin/xsd/surefire-test-report.xsd" name="cucumberOptions.TestRunner" time="36.123" tests="10" errors="0" skipped="0" failures="0">
  <properties>
[...]
</properties>
  <testcase name="user is on Greencart landing page" classname="Search for items and validate results" time="10.295"/>
  <testcase name="user tries to search for &quot;Cucumber&quot; vegetable" classname="Search for items and validate results" time="5.44"/>
  <testcase name="&quot;Cucumber&quot; results are displayed" classname="Search for items and validate results" time="0.078"/>
  <testcase name="Search for items and validate results" classname="Search for items and validate results" time="0.238"/>
  <testcase name="user is on Greencart landing page" classname="Search for items and move to checkout page" time="9.756"/>
  <testcase name="user tries to search for &quot;Brinjal&quot; vegetable" classname="Search for items and move to checkout page" time="5.741"/>
  <testcase name="added items to cart" classname="Search for items and move to checkout page" time="0.43"/>
  <testcase name="user proceeds to checkout page" classname="Search for items and move to checkout page" time="2.42"/>
  <testcase name="verify selected &quot;Brinjal&quot; items are displayed in checkout page" classname="Search for items and move to checkout page" time="0.072"/>
  <testcase name="Search for items and move to checkout page" classname="Search for items and move to checkout page" time="0.239"/>
</testsuite>